0 info it worked if it ends with ok
1 verbose cli [ '/home/paul/.linuxbrew/Cellar/node/6.3.1/bin/node',
1 verbose cli   '/home/paul/.linuxbrew/bin/npm',
1 verbose cli   'install',
1 verbose cli   'eos-redux' ]
2 info using npm@3.10.3
3 info using node@v6.3.1
4 silly loadCurrentTree Starting
5 silly install loadCurrentTree
6 silly install readLocalPackageData
7 silly fetchPackageMetaData eos-redux
8 silly fetchNamedPackageData eos-redux
9 silly mapToRegistry name eos-redux
10 silly mapToRegistry using default registry
11 silly mapToRegistry registry https://registry.npmjs.org/
12 silly mapToRegistry data Result {
12 silly mapToRegistry   raw: 'eos-redux',
12 silly mapToRegistry   scope: null,
12 silly mapToRegistry   escapedName: 'eos-redux',
12 silly mapToRegistry   name: 'eos-redux',
12 silly mapToRegistry   rawSpec: '',
12 silly mapToRegistry   spec: 'latest',
12 silly mapToRegistry   type: 'tag' }
13 silly mapToRegistry uri https://registry.npmjs.org/eos-redux
14 verbose request uri https://registry.npmjs.org/eos-redux
15 verbose request no auth needed
16 info attempt registry request try #1 at 10:42:40 AM
17 verbose request id e67ed11b8084cbe1
18 verbose etag "6EDFLH1VBCZXOWM3UHL2U8494"
19 http request GET https://registry.npmjs.org/eos-redux
20 http 200 https://registry.npmjs.org/eos-redux
21 verbose headers { server: 'CouchDB/1.5.0 (Erlang OTP/R16B03)',
21 verbose headers   etag: '"60W0NYE7HAKC4F4V6VX4LSUYW"',
21 verbose headers   'content-type': 'application/json',
21 verbose headers   'content-encoding': 'gzip',
21 verbose headers   'cache-control': 'max-age=300',
21 verbose headers   'content-length': '6541',
21 verbose headers   'accept-ranges': 'bytes',
21 verbose headers   date: 'Fri, 16 Sep 2016 17:42:41 GMT',
21 verbose headers   via: '1.1 varnish',
21 verbose headers   age: '0',
21 verbose headers   connection: 'keep-alive',
21 verbose headers   'x-served-by': 'cache-sea1920-SEA',
21 verbose headers   'x-cache': 'HIT',
21 verbose headers   'x-cache-hits': '1',
21 verbose headers   'x-timer': 'S1474047760.958852,VS0,VE90',
21 verbose headers   vary: 'Accept-Encoding' }
22 silly get cb [ 200,
22 silly get   { server: 'CouchDB/1.5.0 (Erlang OTP/R16B03)',
22 silly get     etag: '"60W0NYE7HAKC4F4V6VX4LSUYW"',
22 silly get     'content-type': 'application/json',
22 silly get     'content-encoding': 'gzip',
22 silly get     'cache-control': 'max-age=300',
22 silly get     'content-length': '6541',
22 silly get     'accept-ranges': 'bytes',
22 silly get     date: 'Fri, 16 Sep 2016 17:42:41 GMT',
22 silly get     via: '1.1 varnish',
22 silly get     age: '0',
22 silly get     connection: 'keep-alive',
22 silly get     'x-served-by': 'cache-sea1920-SEA',
22 silly get     'x-cache': 'HIT',
22 silly get     'x-cache-hits': '1',
22 silly get     'x-timer': 'S1474047760.958852,VS0,VE90',
22 silly get     vary: 'Accept-Encoding' } ]
23 verbose get saving eos-redux to /home/paul/.npm/registry.npmjs.org/eos-redux/.cache.json
24 verbose correctMkdir /home/paul/.npm correctMkdir not in flight; initializing
25 silly install normalizeTree
26 silly loadCurrentTree Finishing
27 silly loadIdealTree Starting
28 silly install loadIdealTree
29 silly cloneCurrentTree Starting
30 silly install cloneCurrentTreeToIdealTree
31 silly cloneCurrentTree Finishing
32 silly loadShrinkwrap Starting
33 silly install loadShrinkwrap
34 silly loadShrinkwrap Finishing
35 silly loadAllDepsIntoIdealTree Starting
36 silly install loadAllDepsIntoIdealTree
37 silly rollbackFailedOptional Starting
38 silly rollbackFailedOptional Finishing
39 silly runTopLevelLifecycles Starting
40 silly runTopLevelLifecycles Finishing
41 silly install printInstalled
42 verbose stack Error: Refusing to install eos-redux as a dependency of itself
42 verbose stack     at checkSelf (/home/paul/.linuxbrew/lib/node_modules/npm/lib/install/validate-args.js:53:14)
42 verbose stack     at Array.<anonymous> (/home/paul/.linuxbrew/lib/node_modules/npm/node_modules/slide/lib/bind-actor.js:15:8)
42 verbose stack     at LOOP (/home/paul/.linuxbrew/lib/node_modules/npm/node_modules/slide/lib/chain.js:15:14)
42 verbose stack     at chain (/home/paul/.linuxbrew/lib/node_modules/npm/node_modules/slide/lib/chain.js:20:5)
42 verbose stack     at /home/paul/.linuxbrew/lib/node_modules/npm/lib/install/validate-args.js:16:5
42 verbose stack     at /home/paul/.linuxbrew/lib/node_modules/npm/node_modules/slide/lib/async-map.js:52:35
42 verbose stack     at Array.forEach (native)
42 verbose stack     at /home/paul/.linuxbrew/lib/node_modules/npm/node_modules/slide/lib/async-map.js:52:11
42 verbose stack     at Array.forEach (native)
42 verbose stack     at asyncMap (/home/paul/.linuxbrew/lib/node_modules/npm/node_modules/slide/lib/async-map.js:51:8)
43 verbose cwd /home/paul/Desktop/eos-redux
44 error Linux 4.4.0-36-generic
45 error argv "/home/paul/.linuxbrew/Cellar/node/6.3.1/bin/node" "/home/paul/.linuxbrew/bin/npm" "install" "eos-redux"
46 error node v6.3.1
47 error npm  v3.10.3
48 error code ENOSELF
49 error Refusing to install eos-redux as a dependency of itself
50 error If you need help, you may report this error at:
50 error     <https://github.com/npm/npm/issues>
51 verbose exit [ 1, true ]
